  Simbad.cpp
U:\hlocal\sfgfg\IG2-2020\ProyectosOGREvc15x86\OGREsdk\include\OGRE\OgreHardwareBuffer.h(180,58): warning C4251: 'Ogre::HardwareBuffer::mShadowBuffer': class 'std::unique_ptr<Ogre::HardwareBuffer,std::default_delete<Ogre::HardwareBuffer>>' needs to have dll-interface to be used by clients of class 'Ogre::HardwareBuffer'
U:\hlocal\sfgfg\IG2-2020\ProyectosOGREvc15x86\OGREsdk\include\OGRE\OgreHardwareBuffer.h(180): message : see declaration of 'std::unique_ptr<Ogre::HardwareBuffer,std::default_delete<Ogre::HardwareBuffer>>'
U:\hlocal\sfgfg\IG2-2020\ProyectosOGREvc15x86\OGREsdk\include\OGRE\Overlay\OgreOverlay.h(78,21): warning C4251: 'Ogre::Overlay::mName': class 'std::basic_string<char,std::char_traits<char>,std::allocator<char>>' needs to have dll-interface to be used by clients of class 'Ogre::Overlay'
c:\software\programacion\MSVStudio2019\VC\Tools\MSVC\14.27.29110\include\xstring(4564): message : see declaration of 'std::basic_string<char,std::char_traits<char>,std::allocator<char>>'
U:\hlocal\sfgfg\IG2-2020\ProyectosOGREvc15x86\OGREsdk\include\OGRE\Overlay\OgreOverlay.h(84,41): warning C4251: 'Ogre::Overlay::m2DElements': class 'std::list<Ogre::OverlayContainer *,std::allocator<Ogre::OverlayContainer *>>' needs to have dll-interface to be used by clients of class 'Ogre::Overlay'
U:\hlocal\sfgfg\IG2-2020\ProyectosOGREvc15x86\OGREsdk\include\OGRE\Overlay\OgreOverlay.h(76): message : see declaration of 'std::list<Ogre::OverlayContainer *,std::allocator<Ogre::OverlayContainer *>>'
U:\hlocal\sfgfg\IG2-2020\ProyectosOGREvc15x86\OGREsdk\include\OGRE\Overlay\OgreOverlay.h(87,23): warning C4251: 'Ogre::Overlay::mRotate': class 'Ogre::Radian' needs to have dll-interface to be used by clients of class 'Ogre::Overlay'
U:\hlocal\sfgfg\IG2-2020\ProyectosOGREvc15x86\OGREsdk\include\OGRE\OgreMath.h(47): message : see declaration of 'Ogre::Radian'
U:\hlocal\sfgfg\IG2-2020\ProyectosOGREvc15x86\OGREsdk\include\OGRE\Overlay\OgreOverlay.h(101,23): warning C4251: 'Ogre::Overlay::mOrigin': class 'std::basic_string<char,std::char_traits<char>,std::allocator<char>>' needs to have dll-interface to be used by clients of class 'Ogre::Overlay'
c:\software\programacion\MSVStudio2019\VC\Tools\MSVC\14.27.29110\include\xstring(4564): message : see declaration of 'std::basic_string<char,std::char_traits<char>,std::allocator<char>>'
U:\hlocal\sfgfg\IG2-2020\ProyectosOGREvc15x86\OGREsdk\include\OGRE\Overlay\OgreOverlayManager.h(62,31): warning C4251: 'Ogre::OverlayManager::mOverlayMap': class 'std::map<Ogre::String,Ogre::Overlay *,std::less<Ogre::String>,std::allocator<std::pair<const Ogre::String,Ogre::Overlay *>>>' needs to have dll-interface to be used by clients of class 'Ogre::OverlayManager'
U:\hlocal\sfgfg\IG2-2020\ProyectosOGREvc15x86\OGREsdk\include\OGRE\Overlay\OgreOverlayManager.h(58): message : see declaration of 'std::map<Ogre::String,Ogre::Overlay *,std::less<Ogre::String>,std::allocator<std::pair<const Ogre::String,Ogre::Overlay *>>>'
U:\hlocal\sfgfg\IG2-2020\ProyectosOGREvc15x86\OGREsdk\include\OGRE\Overlay\OgreOverlayManager.h(63,37): warning C4251: 'Ogre::OverlayManager::mScriptPatterns': class 'std::vector<Ogre::String,std::allocator<Ogre::String>>' needs to have dll-interface to be used by clients of class 'Ogre::OverlayManager'
U:\hlocal\sfgfg\IG2-2020\ProyectosOGREvc15x86\OGREsdk\include\OGRE\OgreString.h(97): message : see declaration of 'std::vector<Ogre::String,std::allocator<Ogre::String>>'
U:\hlocal\sfgfg\IG2-2020\ProyectosOGREvc15x86\OGREsdk\include\OGRE\Overlay\OgreOverlayManager.h(78,30): warning C4251: 'Ogre::OverlayManager::mFactories': class 'std::map<Ogre::String,Ogre::OverlayElementFactory *,std::less<Ogre::String>,std::allocator<std::pair<const Ogre::String,Ogre::OverlayElementFactory *>>>' needs to have dll-interface to be used by clients of class 'Ogre::OverlayManager'
U:\hlocal\sfgfg\IG2-2020\ProyectosOGREvc15x86\OGREsdk\include\OGRE\Overlay\OgreOverlayManager.h(60): message : see declaration of 'std::map<Ogre::String,Ogre::OverlayElementFactory *,std::less<Ogre::String>,std::allocator<std::pair<const Ogre::String,Ogre::OverlayElementFactory *>>>'
U:\hlocal\sfgfg\IG2-2020\ProyectosOGREvc15x86\OGREsdk\include\OGRE\Overlay\OgreOverlayManager.h(80,30): warning C4251: 'Ogre::OverlayManager::mInstances': class 'std::map<Ogre::String,Ogre::OverlayElement *,std::less<Ogre::String>,std::allocator<std::pair<const Ogre::String,Ogre::OverlayElement *>>>' needs to have dll-interface to be used by clients of class 'Ogre::OverlayManager'
U:\hlocal\sfgfg\IG2-2020\ProyectosOGREvc15x86\OGREsdk\include\OGRE\Overlay\OgreOverlayManager.h(59): message : see declaration of 'std::map<Ogre::String,Ogre::OverlayElement *,std::less<Ogre::String>,std::allocator<std::pair<const Ogre::String,Ogre::OverlayElement *>>>'
U:\hlocal\sfgfg\IG2-2020\ProyectosOGREvc15x86\OGREsdk\include\OGRE\Overlay\OgreOverlayManager.h(81,30): warning C4251: 'Ogre::OverlayManager::mTemplates': class 'std::map<Ogre::String,Ogre::OverlayElement *,std::less<Ogre::String>,std::allocator<std::pair<const Ogre::String,Ogre::OverlayElement *>>>' needs to have dll-interface to be used by clients of class 'Ogre::OverlayManager'
U:\hlocal\sfgfg\IG2-2020\ProyectosOGREvc15x86\OGREsdk\include\OGRE\Overlay\OgreOverlayManager.h(59): message : see declaration of 'std::map<Ogre::String,Ogre::OverlayElement *,std::less<Ogre::String>,std::allocator<std::pair<const Ogre::String,Ogre::OverlayElement *>>>'
U:\hlocal\sfgfg\IG2-2020\ProyectosOGREvc15x86\OGREsdk\include\OGRE\Overlay\OgreOverlayManager.h(84,37): warning C4251: 'Ogre::OverlayManager::mLoadedScripts': class 'std::set<Ogre::String,std::less<Ogre::String>,std::allocator<Ogre::String>>' needs to have dll-interface to be used by clients of class 'Ogre::OverlayManager'
U:\hlocal\sfgfg\IG2-2020\ProyectosOGREvc15x86\OGREsdk\include\OGRE\OgreRenderSystemCapabilities.h(283): message : see declaration of 'std::set<Ogre::String,std::less<Ogre::String>,std::allocator<Ogre::String>>'
U:\hlocal\sfgfg\IG2-2020\ProyectosOGREvc15x86\OGREsdk\include\OGRE\Overlay\OgreOverlayManager.h(86,68): warning C4251: 'Ogre::OverlayManager::mTranslatorManager': class 'std::unique_ptr<Ogre::ScriptTranslatorManager,std::default_delete<Ogre::ScriptTranslatorManager>>' needs to have dll-interface to be used by clients of class 'Ogre::OverlayManager'
U:\hlocal\sfgfg\IG2-2020\ProyectosOGREvc15x86\OGREsdk\include\OGRE\Overlay\OgreOverlayManager.h(86): message : see declaration of 'std::unique_ptr<Ogre::ScriptTranslatorManager,std::default_delete<Ogre::ScriptTranslatorManager>>'
U:\hlocal\sfgfg\IG2-2020\ProyectosOGREvc15x86\OGREsdk\include\OGRE\Overlay\OgreOverlayElement.h(127,21): warning C4251: 'Ogre::OverlayElement::mName': class 'std::basic_string<char,std::char_traits<char>,std::allocator<char>>' needs to have dll-interface to be used by clients of class 'Ogre::OverlayElement'
c:\software\programacion\MSVStudio2019\VC\Tools\MSVC\14.27.29110\include\xstring(4564): message : see declaration of 'std::basic_string<char,std::char_traits<char>,std::allocator<char>>'
U:\hlocal\sfgfg\IG2-2020\ProyectosOGREvc15x86\OGREsdk\include\OGRE\Overlay\OgreOverlayElement.h(134,30): warning C4251: 'Ogre::OverlayElement::mMaterial': class 'Ogre::SharedPtr<Ogre::Material>' needs to have dll-interface to be used by clients of class 'Ogre::OverlayElement'
U:\hlocal\sfgfg\IG2-2020\ProyectosOGREvc15x86\OGREsdk\include\OGRE\OgrePrerequisites.h(295): message : see declaration of 'Ogre::SharedPtr<Ogre::Material>'
U:\hlocal\sfgfg\IG2-2020\ProyectosOGREvc15x86\OGREsdk\include\OGRE\Overlay\OgreOverlayElement.h(137,33): warning C4251: 'Ogre::OverlayElement::mClippingRegion': struct 'Ogre::TRect<float>' needs to have dll-interface to be used by clients of class 'Ogre::OverlayElement'
U:\hlocal\sfgfg\IG2-2020\ProyectosOGREvc15x86\OGREsdk\include\OGRE\OgreCommon.h(665): message : see declaration of 'Ogre::TRect<float>'
U:\hlocal\sfgfg\IG2-2020\ProyectosOGREvc15x86\OGREsdk\include\OGRE\Overlay\OgreOverlayContainer.h(65,27): warning C4251: 'Ogre::OverlayContainer::mChildren': class 'std::map<Ogre::String,Ogre::OverlayElement *,std::less<Ogre::String>,std::allocator<std::pair<const Ogre::String,Ogre::OverlayElement *>>>' needs to have dll-interface to be used by clients of class 'Ogre::OverlayContainer'
U:\hlocal\sfgfg\IG2-2020\ProyectosOGREvc15x86\OGREsdk\include\OGRE\Overlay\OgreOverlayManager.h(59): message : see declaration of 'std::map<Ogre::String,Ogre::OverlayElement *,std::less<Ogre::String>,std::allocator<std::pair<const Ogre::String,Ogre::OverlayElement *>>>'
U:\hlocal\sfgfg\IG2-2020\ProyectosOGREvc15x86\OGREsdk\include\OGRE\Overlay\OgreOverlayContainer.h(67,43): warning C4251: 'Ogre::OverlayContainer::mChildContainers': class 'std::map<Ogre::String,Ogre::OverlayContainer *,std::less<Ogre::String>,std::allocator<std::pair<const Ogre::String,Ogre::OverlayContainer *>>>' needs to have dll-interface to be used by clients of class 'Ogre::OverlayContainer'
U:\hlocal\sfgfg\IG2-2020\ProyectosOGREvc15x86\OGREsdk\include\OGRE\Overlay\OgreOverlayContainer.h(61): message : see declaration of 'std::map<Ogre::String,Ogre::OverlayContainer *,std::less<Ogre::String>,std::allocator<std::pair<const Ogre::String,Ogre::OverlayContainer *>>>'
U:\hlocal\sfgfg\IG2-2020\ProyectosOGREvc15x86\OGREsdk\include\OGRE\Overlay\OgrePanelOverlayElement.h(140,34): warning C4251: 'Ogre::PanelOverlayElement::mRenderOp': class 'Ogre::RenderOperation' needs to have dll-interface to be used by clients of class 'Ogre::PanelOverlayElement'
U:\hlocal\sfgfg\IG2-2020\ProyectosOGREvc15x86\OGREsdk\include\OGRE\OgreRenderOperation.h(45): message : see declaration of 'Ogre::RenderOperation'
U:\hlocal\sfgfg\IG2-2020\ProyectosOGREvc15x86\OGREsdk\include\OGRE\Overlay\OgrePanelOverlayElement.h(151,33): warning C4251: 'Ogre::PanelOverlayElement::msTypeName': class 'std::basic_string<char,std::char_traits<char>,std::allocator<char>>' needs to have dll-interface to be used by clients of class 'Ogre::PanelOverlayElement'
c:\software\programacion\MSVStudio2019\VC\Tools\MSVC\14.27.29110\include\xstring(4564): message : see declaration of 'std::basic_string<char,std::char_traits<char>,std::allocator<char>>'
U:\hlocal\sfgfg\IG2-2020\ProyectosOGREvc15x86\OGREsdk\include\OGRE\Overlay\OgrePanelOverlayElement.h(154,37): warning C4251: 'Ogre::PanelOverlayElement::msCmdTiling': class 'Ogre::PanelOverlayElement::CmdTiling' needs to have dll-interface to be used by clients of class 'Ogre::PanelOverlayElement'
U:\hlocal\sfgfg\IG2-2020\ProyectosOGREvc15x86\OGREsdk\include\OGRE\Overlay\OgrePanelOverlayElement.h(111): message : see declaration of 'Ogre::PanelOverlayElement::CmdTiling'
U:\hlocal\sfgfg\IG2-2020\ProyectosOGREvc15x86\OGREsdk\include\OGRE\Overlay\OgrePanelOverlayElement.h(155,47): warning C4251: 'Ogre::PanelOverlayElement::msCmdTransparent': class 'Ogre::PanelOverlayElement::CmdTransparent' needs to have dll-interface to be used by clients of class 'Ogre::PanelOverlayElement'
U:\hlocal\sfgfg\IG2-2020\ProyectosOGREvc15x86\OGREsdk\include\OGRE\Overlay\OgrePanelOverlayElement.h(118): message : see declaration of 'Ogre::PanelOverlayElement::CmdTransparent'
U:\hlocal\sfgfg\IG2-2020\ProyectosOGREvc15x86\OGREsdk\include\OGRE\Overlay\OgrePanelOverlayElement.h(156,41): warning C4251: 'Ogre::PanelOverlayElement::msCmdUVCoords': class 'Ogre::PanelOverlayElement::CmdUVCoords' needs to have dll-interface to be used by clients of class 'Ogre::PanelOverlayElement'
U:\hlocal\sfgfg\IG2-2020\ProyectosOGREvc15x86\OGREsdk\include\OGRE\Overlay\OgrePanelOverlayElement.h(125): message : see declaration of 'Ogre::PanelOverlayElement::CmdUVCoords'
U:\hlocal\sfgfg\IG2-2020\ProyectosOGREvc15x86\OGREsdk\include\OGRE\Overlay\OgreBorderPanelOverlayElement.h(278,36): warning C4251: 'Ogre::BorderPanelOverlayElement::mBorderMaterial': class 'Ogre::SharedPtr<Ogre::Material>' needs to have dll-interface to be used by clients of class 'Ogre::BorderPanelOverlayElement'
U:\hlocal\sfgfg\IG2-2020\ProyectosOGREvc15x86\OGREsdk\include\OGRE\OgrePrerequisites.h(295): message : see declaration of 'Ogre::SharedPtr<Ogre::Material>'
U:\hlocal\sfgfg\IG2-2020\ProyectosOGREvc15x86\OGREsdk\include\OGRE\Overlay\OgreBorderPanelOverlayElement.h(281,35): warning C4251: 'Ogre::BorderPanelOverlayElement::mRenderOp2': class 'Ogre::RenderOperation' needs to have dll-interface to be used by clients of class 'Ogre::BorderPanelOverlayElement'
U:\hlocal\sfgfg\IG2-2020\ProyectosOGREvc15x86\OGREsdk\include\OGRE\OgreRenderOperation.h(45): message : see declaration of 'Ogre::RenderOperation'
U:\hlocal\sfgfg\IG2-2020\ProyectosOGREvc15x86\OGREsdk\include\OGRE\Overlay\OgreBorderPanelOverlayElement.h(283,33): warning C4251: 'Ogre::BorderPanelOverlayElement::msTypeName': class 'std::basic_string<char,std::char_traits<char>,std::allocator<char>>' needs to have dll-interface to be used by clients of class 'Ogre::BorderPanelOverlayElement'
c:\software\programacion\MSVStudio2019\VC\Tools\MSVC\14.27.29110\include\xstring(4564): message : see declaration of 'std::basic_string<char,std::char_traits<char>,std::allocator<char>>'
U:\hlocal\sfgfg\IG2-2020\ProyectosOGREvc15x86\OGREsdk\include\OGRE\Overlay\OgreBorderPanelOverlayElement.h(305,45): warning C4251: 'Ogre::BorderPanelOverlayElement::msCmdBorderSize': class 'Ogre::BorderPanelOverlayElement::CmdBorderSize' needs to have dll-interface to be used by clients of class 'Ogre::BorderPanelOverlayElement'
U:\hlocal\sfgfg\IG2-2020\ProyectosOGREvc15x86\OGREsdk\include\OGRE\Overlay\OgreBorderPanelOverlayElement.h(194): message : see declaration of 'Ogre::BorderPanelOverlayElement::CmdBorderSize'
U:\hlocal\sfgfg\IG2-2020\ProyectosOGREvc15x86\OGREsdk\include\OGRE\Overlay\OgreBorderPanelOverlayElement.h(306,53): warning C4251: 'Ogre::BorderPanelOverlayElement::msCmdBorderMaterial': class 'Ogre::BorderPanelOverlayElement::CmdBorderMaterial' needs to have dll-interface to be used by clients of class 'Ogre::BorderPanelOverlayElement'
U:\hlocal\sfgfg\IG2-2020\ProyectosOGREvc15x86\OGREsdk\include\OGRE\Overlay\OgreBorderPanelOverlayElement.h(201): message : see declaration of 'Ogre::BorderPanelOverlayElement::CmdBorderMaterial'
U:\hlocal\sfgfg\IG2-2020\ProyectosOGREvc15x86\OGREsdk\include\OGRE\Overlay\OgreBorderPanelOverlayElement.h(307,49): warning C4251: 'Ogre::BorderPanelOverlayElement::msCmdBorderLeftUV': class 'Ogre::BorderPanelOverlayElement::CmdBorderLeftUV' needs to have dll-interface to be used by clients of class 'Ogre::BorderPanelOverlayElement'
U:\hlocal\sfgfg\IG2-2020\ProyectosOGREvc15x86\OGREsdk\include\OGRE\Overlay\OgreBorderPanelOverlayElement.h(208): message : see declaration of 'Ogre::BorderPanelOverlayElement::CmdBorderLeftUV'
U:\hlocal\sfgfg\IG2-2020\ProyectosOGREvc15x86\OGREsdk\include\OGRE\Overlay\OgreBorderPanelOverlayElement.h(308,47): warning C4251: 'Ogre::BorderPanelOverlayElement::msCmdBorderTopUV': class 'Ogre::BorderPanelOverlayElement::CmdBorderTopUV' needs to have dll-interface to be used by clients of class 'Ogre::BorderPanelOverlayElement'
U:\hlocal\sfgfg\IG2-2020\ProyectosOGREvc15x86\OGREsdk\include\OGRE\Overlay\OgreBorderPanelOverlayElement.h(215): message : see declaration of 'Ogre::BorderPanelOverlayElement::CmdBorderTopUV'
U:\hlocal\sfgfg\IG2-2020\ProyectosOGREvc15x86\OGREsdk\include\OGRE\Overlay\OgreBorderPanelOverlayElement.h(309,53): warning C4251: 'Ogre::BorderPanelOverlayElement::msCmdBorderBottomUV': class 'Ogre::BorderPanelOverlayElement::CmdBorderBottomUV' needs to have dll-interface to be used by clients of class 'Ogre::BorderPanelOverlayElement'
U:\hlocal\sfgfg\IG2-2020\ProyectosOGREvc15x86\OGREsdk\include\OGRE\Overlay\OgreBorderPanelOverlayElement.h(229): message : see declaration of 'Ogre::BorderPanelOverlayElement::CmdBorderBottomUV'
U:\hlocal\sfgfg\IG2-2020\ProyectosOGREvc15x86\OGREsdk\include\OGRE\Overlay\OgreBorderPanelOverlayElement.h(310,51): warning C4251: 'Ogre::BorderPanelOverlayElement::msCmdBorderRightUV': class 'Ogre::BorderPanelOverlayElement::CmdBorderRightUV' needs to have dll-interface to be used by clients of class 'Ogre::BorderPanelOverlayElement'
U:\hlocal\sfgfg\IG2-2020\ProyectosOGREvc15x86\OGREsdk\include\OGRE\Overlay\OgreBorderPanelOverlayElement.h(222): message : see declaration of 'Ogre::BorderPanelOverlayElement::CmdBorderRightUV'
U:\hlocal\sfgfg\IG2-2020\ProyectosOGREvc15x86\OGREsdk\include\OGRE\Overlay\OgreBorderPanelOverlayElement.h(311,55): warning C4251: 'Ogre::BorderPanelOverlayElement::msCmdBorderTopLeftUV': class 'Ogre::BorderPanelOverlayElement::CmdBorderTopLeftUV' needs to have dll-interface to be used by clients of class 'Ogre::BorderPanelOverlayElement'
U:\hlocal\sfgfg\IG2-2020\ProyectosOGREvc15x86\OGREsdk\include\OGRE\Overlay\OgreBorderPanelOverlayElement.h(236): message : see declaration of 'Ogre::BorderPanelOverlayElement::CmdBorderTopLeftUV'
U:\hlocal\sfgfg\IG2-2020\ProyectosOGREvc15x86\OGREsdk\include\OGRE\Overlay\OgreBorderPanelOverlayElement.h(312,61): warning C4251: 'Ogre::BorderPanelOverlayElement::msCmdBorderBottomLeftUV': class 'Ogre::BorderPanelOverlayElement::CmdBorderBottomLeftUV' needs to have dll-interface to be used by clients of class 'Ogre::BorderPanelOverlayElement'
U:\hlocal\sfgfg\IG2-2020\ProyectosOGREvc15x86\OGREsdk\include\OGRE\Overlay\OgreBorderPanelOverlayElement.h(243): message : see declaration of 'Ogre::BorderPanelOverlayElement::CmdBorderBottomLeftUV'
U:\hlocal\sfgfg\IG2-2020\ProyectosOGREvc15x86\OGREsdk\include\OGRE\Overlay\OgreBorderPanelOverlayElement.h(313,57): warning C4251: 'Ogre::BorderPanelOverlayElement::msCmdBorderTopRightUV': class 'Ogre::BorderPanelOverlayElement::CmdBorderTopRightUV' needs to have dll-interface to be used by clients of class 'Ogre::BorderPanelOverlayElement'
U:\hlocal\sfgfg\IG2-2020\ProyectosOGREvc15x86\OGREsdk\include\OGRE\Overlay\OgreBorderPanelOverlayElement.h(257): message : see declaration of 'Ogre::BorderPanelOverlayElement::CmdBorderTopRightUV'
U:\hlocal\sfgfg\IG2-2020\ProyectosOGREvc15x86\OGREsdk\include\OGRE\Overlay\OgreBorderPanelOverlayElement.h(314,63): warning C4251: 'Ogre::BorderPanelOverlayElement::msCmdBorderBottomRightUV': class 'Ogre::BorderPanelOverlayElement::CmdBorderBottomRightUV' needs to have dll-interface to be used by clients of class 'Ogre::BorderPanelOverlayElement'
U:\hlocal\sfgfg\IG2-2020\ProyectosOGREvc15x86\OGREsdk\include\OGRE\Overlay\OgreBorderPanelOverlayElement.h(250): message : see declaration of 'Ogre::BorderPanelOverlayElement::CmdBorderBottomRightUV'
U:\hlocal\sfgfg\IG2-2020\ProyectosOGREvc15x86\OGREsdk\include\OGRE\Overlay\OgreFont.h(123,23): warning C4251: 'Ogre::Font::mSource': class 'std::basic_string<char,std::char_traits<char>,std::allocator<char>>' needs to have dll-interface to be used by clients of class 'Ogre::Font'
c:\software\programacion\MSVStudio2019\VC\Tools\MSVC\14.27.29110\include\xstring(4564): message : see declaration of 'std::basic_string<char,std::char_traits<char>,std::allocator<char>>'
U:\hlocal\sfgfg\IG2-2020\ProyectosOGREvc15x86\OGREsdk\include\OGRE\Overlay\OgreFont.h(159,35): warning C4251: 'Ogre::Font::mCodePointMap': class 'std::map<Ogre::Font::CodePoint,Ogre::Font::GlyphInfo,std::less<size_t>,std::allocator<std::pair<const Ogre::Font::CodePoint,Ogre::Font::GlyphInfo>>>' needs to have dll-interface to be used by clients of class 'Ogre::Font'
U:\hlocal\sfgfg\IG2-2020\ProyectosOGREvc15x86\OGREsdk\include\OGRE\Overlay\OgreFont.h(158): message : see declaration of 'std::map<Ogre::Font::CodePoint,Ogre::Font::GlyphInfo,std::less<size_t>,std::allocator<std::pair<const Ogre::Font::CodePoint,Ogre::Font::GlyphInfo>>>'
U:\hlocal\sfgfg\IG2-2020\ProyectosOGREvc15x86\OGREsdk\include\OGRE\Overlay\OgreFont.h(162,30): warning C4251: 'Ogre::Font::mMaterial': class 'Ogre::SharedPtr<Ogre::Material>' needs to have dll-interface to be used by clients of class 'Ogre::Font'
U:\hlocal\sfgfg\IG2-2020\ProyectosOGREvc15x86\OGREsdk\include\OGRE\OgrePrerequisites.h(295): message : see declaration of 'Ogre::SharedPtr<Ogre::Material>'
U:\hlocal\sfgfg\IG2-2020\ProyectosOGREvc15x86\OGREsdk\include\OGRE\Overlay\OgreFont.h(165,28): warning C4251: 'Ogre::Font::mTexture': class 'Ogre::SharedPtr<Ogre::Texture>' needs to have dll-interface to be used by clients of class 'Ogre::Font'
U:\hlocal\sfgfg\IG2-2020\ProyectosOGREvc15x86\OGREsdk\include\OGRE\OgrePrerequisites.h(303): message : see declaration of 'Ogre::SharedPtr<Ogre::Texture>'
U:\hlocal\sfgfg\IG2-2020\ProyectosOGREvc15x86\OGREsdk\include\OGRE\Overlay\OgreFont.h(171,47): warning C4251: 'Ogre::Font::mCodePointRangeList': class 'std::vector<Ogre::Font::CodePointRange,std::allocator<Ogre::Font::CodePointRange>>' needs to have dll-interface to be used by clients of class 'Ogre::Font'
U:\hlocal\sfgfg\IG2-2020\ProyectosOGREvc15x86\OGREsdk\include\OGRE\Overlay\OgreFont.h(155): message : see declaration of 'std::vector<Ogre::Font::CodePointRange,std::allocator<Ogre::Font::CodePointRange>>'
U:\hlocal\sfgfg\IG2-2020\ProyectosOGREvc15x86\OGREsdk\include\OGRE\Overlay\OgreTextAreaOverlayElement.h(223,34): warning C4251: 'Ogre::TextAreaOverlayElement::mRenderOp': class 'Ogre::RenderOperation' needs to have dll-interface to be used by clients of class 'Ogre::TextAreaOverlayElement'
U:\hlocal\sfgfg\IG2-2020\ProyectosOGREvc15x86\OGREsdk\include\OGRE\OgreRenderOperation.h(45): message : see declaration of 'Ogre::RenderOperation'
U:\hlocal\sfgfg\IG2-2020\ProyectosOGREvc15x86\OGREsdk\include\OGRE\Overlay\OgreTextAreaOverlayElement.h(228,33): warning C4251: 'Ogre::TextAreaOverlayElement::msTypeName': class 'std::basic_string<char,std::char_traits<char>,std::allocator<char>>' needs to have dll-interface to be used by clients of class 'Ogre::TextAreaOverlayElement'
c:\software\programacion\MSVStudio2019\VC\Tools\MSVC\14.27.29110\include\xstring(4564): message : see declaration of 'std::basic_string<char,std::char_traits<char>,std::allocator<char>>'
U:\hlocal\sfgfg\IG2-2020\ProyectosOGREvc15x86\OGREsdk\include\OGRE\Overlay\OgreTextAreaOverlayElement.h(231,45): warning C4251: 'Ogre::TextAreaOverlayElement::msCmdCharHeight': class 'Ogre::TextAreaOverlayElement::CmdCharHeight' needs to have dll-interface to be used by clients of class 'Ogre::TextAreaOverlayElement'
U:\hlocal\sfgfg\IG2-2020\ProyectosOGREvc15x86\OGREsdk\include\OGRE\Overlay\OgreTextAreaOverlayElement.h(148): message : see declaration of 'Ogre::TextAreaOverlayElement::CmdCharHeight'
U:\hlocal\sfgfg\IG2-2020\ProyectosOGREvc15x86\OGREsdk\include\OGRE\Overlay\OgreTextAreaOverlayElement.h(232,45): warning C4251: 'Ogre::TextAreaOverlayElement::msCmdSpaceWidth': class 'Ogre::TextAreaOverlayElement::CmdSpaceWidth' needs to have dll-interface to be used by clients of class 'Ogre::TextAreaOverlayElement'
U:\hlocal\sfgfg\IG2-2020\ProyectosOGREvc15x86\OGREsdk\include\OGRE\Overlay\OgreTextAreaOverlayElement.h(158): message : see declaration of 'Ogre::TextAreaOverlayElement::CmdSpaceWidth'
U:\hlocal\sfgfg\IG2-2020\ProyectosOGREvc15x86\OGREsdk\include\OGRE\Overlay\OgreTextAreaOverlayElement.h(233,41): warning C4251: 'Ogre::TextAreaOverlayElement::msCmdFontName': class 'Ogre::TextAreaOverlayElement::CmdFontName' needs to have dll-interface to be used by clients of class 'Ogre::TextAreaOverlayElement'
U:\hlocal\sfgfg\IG2-2020\ProyectosOGREvc15x86\OGREsdk\include\OGRE\Overlay\OgreTextAreaOverlayElement.h(168): message : see declaration of 'Ogre::TextAreaOverlayElement::CmdFontName'
U:\hlocal\sfgfg\IG2-2020\ProyectosOGREvc15x86\OGREsdk\include\OGRE\Overlay\OgreTextAreaOverlayElement.h(234,37): warning C4251: 'Ogre::TextAreaOverlayElement::msCmdColour': class 'Ogre::TextAreaOverlayElement::CmdColour' needs to have dll-interface to be used by clients of class 'Ogre::TextAreaOverlayElement'
U:\hlocal\sfgfg\IG2-2020\ProyectosOGREvc15x86\OGREsdk\include\OGRE\Overlay\OgreTextAreaOverlayElement.h(198): message : see declaration of 'Ogre::TextAreaOverlayElement::CmdColour'
U:\hlocal\sfgfg\IG2-2020\ProyectosOGREvc15x86\OGREsdk\include\OGRE\Overlay\OgreTextAreaOverlayElement.h(235,43): warning C4251: 'Ogre::TextAreaOverlayElement::msCmdColourTop': class 'Ogre::TextAreaOverlayElement::CmdColourTop' needs to have dll-interface to be used by clients of class 'Ogre::TextAreaOverlayElement'
U:\hlocal\sfgfg\IG2-2020\ProyectosOGREvc15x86\OGREsdk\include\OGRE\Overlay\OgreTextAreaOverlayElement.h(178): message : see declaration of 'Ogre::TextAreaOverlayElement::CmdColourTop'
U:\hlocal\sfgfg\IG2-2020\ProyectosOGREvc15x86\OGREsdk\include\OGRE\Overlay\OgreTextAreaOverlayElement.h(236,49): warning C4251: 'Ogre::TextAreaOverlayElement::msCmdColourBottom': class 'Ogre::TextAreaOverlayElement::CmdColourBottom' needs to have dll-interface to be used by clients of class 'Ogre::TextAreaOverlayElement'
U:\hlocal\sfgfg\IG2-2020\ProyectosOGREvc15x86\OGREsdk\include\OGRE\Overlay\OgreTextAreaOverlayElement.h(188): message : see declaration of 'Ogre::TextAreaOverlayElement::CmdColourBottom'
U:\hlocal\sfgfg\IG2-2020\ProyectosOGREvc15x86\OGREsdk\include\OGRE\Overlay\OgreTextAreaOverlayElement.h(237,43): warning C4251: 'Ogre::TextAreaOverlayElement::msCmdAlignment': class 'Ogre::TextAreaOverlayElement::CmdAlignment' needs to have dll-interface to be used by clients of class 'Ogre::TextAreaOverlayElement'
U:\hlocal\sfgfg\IG2-2020\ProyectosOGREvc15x86\OGREsdk\include\OGRE\Overlay\OgreTextAreaOverlayElement.h(208): message : see declaration of 'Ogre::TextAreaOverlayElement::CmdAlignment'
U:\hlocal\sfgfg\IG2-2020\ProyectosOGREvc15x86\OGREsdk\include\OGRE\Overlay\OgreTextAreaOverlayElement.h(240,22): warning C4251: 'Ogre::TextAreaOverlayElement::mFont': class 'Ogre::SharedPtr<Ogre::Font>' needs to have dll-interface to be used by clients of class 'Ogre::TextAreaOverlayElement'
U:\hlocal\sfgfg\IG2-2020\ProyectosOGREvc15x86\OGREsdk\include\OGRE\Overlay\OgreFont.h(419): message : see declaration of 'Ogre::SharedPtr<Ogre::Font>'
U:\hlocal\sfgfg\IG2-2020\ProyectosOGREvc15x86\OGREsdk\include\OGRE\OgreTimer.h(41,52): warning C4251: 'Ogre::Timer::start': class 'std::chrono::time_point<std::chrono::steady_clock,std::chrono::nanoseconds>' needs to have dll-interface to be used by clients of class 'Ogre::Timer'
c:\software\programacion\MSVStudio2019\VC\Tools\MSVC\14.27.29110\include\chrono(603): message : see declaration of 'std::chrono::time_point<std::chrono::steady_clock,std::chrono::nanoseconds>'
U:\hlocal\sfgfg\IG2-2020\ProyectosOGREvc15x86\OGREsdk\include\OGRE\Bites\OgreTrays.h(335,34): warning C4251: 'OgreBites::TextBox::mLines': class 'std::vector<Ogre::String,std::allocator<Ogre::String>>' needs to have dll-interface to be used by clients of class 'OgreBites::TextBox'
U:\hlocal\sfgfg\IG2-2020\ProyectosOGREvc15x86\OGREsdk\include\OGRE\OgreString.h(97): message : see declaration of 'std::vector<Ogre::String,std::allocator<Ogre::String>>'
U:\hlocal\sfgfg\IG2-2020\ProyectosOGREvc15x86\OGREsdk\include\OGRE\Bites\OgreTrays.h(441,68): warning C4251: 'OgreBites::SelectMenu::mItemElements': class 'std::vector<Ogre::BorderPanelOverlayElement *,std::allocator<Ogre::BorderPanelOverlayElement *>>' needs to have dll-interface to be used by clients of class 'OgreBites::SelectMenu'
U:\hlocal\sfgfg\IG2-2020\ProyectosOGREvc15x86\OGREsdk\include\OGRE\Bites\OgreTrays.h(441): message : see declaration of 'std::vector<Ogre::BorderPanelOverlayElement *,std::allocator<Ogre::BorderPanelOverlayElement *>>'
U:\hlocal\sfgfg\IG2-2020\ProyectosOGREvc15x86\OGREsdk\include\OGRE\Bites\OgreTrays.h(448,34): warning C4251: 'OgreBites::SelectMenu::mItems': class 'std::vector<Ogre::String,std::allocator<Ogre::String>>' needs to have dll-interface to be used by clients of class 'OgreBites::SelectMenu'
U:\hlocal\sfgfg\IG2-2020\ProyectosOGREvc15x86\OGREsdk\include\OGRE\OgreString.h(97): message : see declaration of 'std::vector<Ogre::String,std::allocator<Ogre::String>>'
U:\hlocal\sfgfg\IG2-2020\ProyectosOGREvc15x86\OGREsdk\include\OGRE\Bites\OgreTrays.h(629,34): warning C4251: 'OgreBites::ParamsPanel::mNames': class 'std::vector<Ogre::String,std::allocator<Ogre::String>>' needs to have dll-interface to be used by clients of class 'OgreBites::ParamsPanel'
U:\hlocal\sfgfg\IG2-2020\ProyectosOGREvc15x86\OGREsdk\include\OGRE\OgreString.h(97): message : see declaration of 'std::vector<Ogre::String,std::allocator<Ogre::String>>'
U:\hlocal\sfgfg\IG2-2020\ProyectosOGREvc15x86\OGREsdk\include\OGRE\Bites\OgreTrays.h(630,35): warning C4251: 'OgreBites::ParamsPanel::mValues': class 'std::vector<Ogre::String,std::allocator<Ogre::String>>' needs to have dll-interface to be used by clients of class 'OgreBites::ParamsPanel'
U:\hlocal\sfgfg\IG2-2020\ProyectosOGREvc15x86\OGREsdk\include\OGRE\OgreString.h(97): message : see declaration of 'std::vector<Ogre::String,std::allocator<Ogre::String>>'
U:\hlocal\sfgfg\IG2-2020\ProyectosOGREvc15x86\OGREsdk\include\OGRE\Bites\OgreTrays.h(1165,27): warning C4251: 'OgreBites::TrayManager::mName': class 'std::basic_string<char,std::char_traits<char>,std::allocator<char>>' needs to have dll-interface to be used by clients of class 'OgreBites::TrayManager'
c:\software\programacion\MSVStudio2019\VC\Tools\MSVC\14.27.29110\include\xstring(4564): message : see declaration of 'std::basic_string<char,std::char_traits<char>,std::allocator<char>>'
U:\hlocal\sfgfg\IG2-2020\ProyectosOGREvc15x86\OGREsdk\include\OGRE\Bites\OgreTrays.h(1173,32): warning C4251: 'OgreBites::TrayManager::mWidgets': class 'std::vector<OgreBites::Widget *,std::allocator<OgreBites::Widget *>>' needs to have dll-interface to be used by clients of class 'OgreBites::TrayManager'
U:\hlocal\sfgfg\IG2-2020\ProyectosOGREvc15x86\OGREsdk\include\OGRE\Bites\OgreTrays.h(189): message : see declaration of 'std::vector<OgreBites::Widget *,std::allocator<OgreBites::Widget *>>'
U:\hlocal\sfgfg\IG2-2020\ProyectosOGREvc15x86\OGREsdk\include\OGRE\Bites\OgreTrays.h(1174,35): warning C4251: 'OgreBites::TrayManager::mWidgetDeathRow': class 'std::vector<OgreBites::Widget *,std::allocator<OgreBites::Widget *>>' needs to have dll-interface to be used by clients of class 'OgreBites::TrayManager'
U:\hlocal\sfgfg\IG2-2020\ProyectosOGREvc15x86\OGREsdk\include\OGRE\Bites\OgreTrays.h(189): message : see declaration of 'std::vector<OgreBites::Widget *,std::allocator<OgreBites::Widget *>>'
U:\hlocal\sfgfg\IG2-2020\ProyectosOGREvc15x86\IG2App\Simbad.h(83,22): warning C4244: 'initializing': conversion from 'double' to 'Ogre::Real', possible loss of data
U:\hlocal\sfgfg\IG2-2020\ProyectosOGREvc15x86\IG2App\Simbad.cpp(69,23): warning C4018: '<': signed/unsigned mismatch
U:\hlocal\sfgfg\IG2-2020\ProyectosOGREvc15x86\IG2App\Simbad.cpp(81,23): warning C4018: '<': signed/unsigned mismatch
  Generating code
  1 of 784 functions ( 0.1%) were compiled, the rest were copied from previous compilation.
    0 functions were new in current compilation
    4 functions had inline decision re-evaluated but remain unchanged
  Finished generating code
SDL2main.lib(SDL_windows_main.obj) : warning LNK4099: PDB 'SDL2main.pdb' was not found with 'SDL2main.lib(SDL_windows_main.obj)' or at 'U:\hlocal\sfgfg\IG2-2020\ProyectosOGREvc15x86\bin\SDL2main.pdb'; linking object as if no debug info
  IG2App.vcxproj -> U:\hlocal\sfgfg\IG2-2020\ProyectosOGREvc15x86\bin\IG2AppRelease.exe
