u:\hlocal\sfgfg\ig2-2020\proyectosogrevc15x86\ig2app\release\vc142.pdb
u:\hlocal\sfgfg\ig2-2020\proyectosogrevc15x86\ig2app\release\simbad.obj
u:\hlocal\sfgfg\ig2-2020\proyectosogrevc15x86\ig2app\release\plano.obj
u:\hlocal\sfgfg\ig2-2020\proyectosogrevc15x86\ig2app\release\molino.obj
u:\hlocal\sfgfg\ig2-2020\proyectosogrevc15x86\ig2app\release\ig2app.obj
u:\hlocal\sfgfg\ig2-2020\proyectosogrevc15x86\ig2app\release\ig2main.obj
u:\hlocal\sfgfg\ig2-2020\proyectosogrevc15x86\ig2app\release\ig2applicationcontext.obj
u:\hlocal\sfgfg\ig2-2020\proyectosogrevc15x86\ig2app\release\entidadig.obj
u:\hlocal\sfgfg\ig2-2020\proyectosogrevc15x86\ig2app\release\boya.obj
u:\hlocal\sfgfg\ig2-2020\proyectosogrevc15x86\ig2app\release\avion.obj
u:\hlocal\sfgfg\ig2-2020\proyectosogrevc15x86\ig2app\release\aspasmolino.obj
u:\hlocal\sfgfg\ig2-2020\proyectosogrevc15x86\ig2app\release\aspa.obj
u:\hlocal\sfgfg\ig2-2020\proyectosogrevc15x86\bin\ig2apprelease.ipdb
u:\hlocal\sfgfg\ig2-2020\proyectosogrevc15x86\bin\ig2apprelease.iobj
u:\hlocal\sfgfg\ig2-2020\proyectosogrevc15x86\bin\ig2apprelease.exe
u:\hlocal\sfgfg\ig2-2020\proyectosogrevc15x86\bin\ig2apprelease.pdb
u:\hlocal\sfgfg\ig2-2020\proyectosogrevc15x86\ig2app\release\ig2app.tlog\cl.command.1.tlog
u:\hlocal\sfgfg\ig2-2020\proyectosogrevc15x86\ig2app\release\ig2app.tlog\cl.read.1.tlog
u:\hlocal\sfgfg\ig2-2020\proyectosogrevc15x86\ig2app\release\ig2app.tlog\cl.write.1.tlog
u:\hlocal\sfgfg\ig2-2020\proyectosogrevc15x86\ig2app\release\ig2app.tlog\ig2app.write.1u.tlog
u:\hlocal\sfgfg\ig2-2020\proyectosogrevc15x86\ig2app\release\ig2app.tlog\link.command.1.tlog
u:\hlocal\sfgfg\ig2-2020\proyectosogrevc15x86\ig2app\release\ig2app.tlog\link.read.1.tlog
u:\hlocal\sfgfg\ig2-2020\proyectosogrevc15x86\ig2app\release\ig2app.tlog\link.write.1.tlog
